<?xml version="1.0" encoding="UTF-8"?>
<!-- Generated by org.testng.reporters.JUnitXMLReporter -->
<testsuite ignored="4" hostname="IDP-HZGMZH3" failures="0" tests="3" name="Test" time="30.047" errors="0" timestamp="2022-11-10T22:57:43 IST">
  <testcase classname="tests.rest.TC001_CreateIncident" name="createIncident" time="14.322"/>
  <testcase classname="tests.rest.TC011_PutIncident2" name="putIncident" time="6.244"/>
  <testcase classname="tests.rest.TC011_delete3" name="deleteIncident" time="9.404"/>
  <testcase classname="lib.rest.PreAndTest" name="@BeforeSuite beforeSuite" time="0.0">
    <ignored/>
  </testcase> <!-- @BeforeSuite beforeSuite -->
  <testcase classname="lib.rest.PreAndTest" name="@AfterSuite afterSuite" time="0.0">
    <ignored/>
  </testcase> <!-- @AfterSuite afterSuite -->
  <testcase classname="lib.rest.PreAndTest" name="@BeforeSuite beforeSuite" time="0.0">
    <ignored/>
  </testcase> <!-- @BeforeSuite beforeSuite -->
  <testcase classname="lib.rest.PreAndTest" name="@AfterSuite afterSuite" time="0.0">
    <ignored/>
  </testcase> <!-- @AfterSuite afterSuite -->
</testsuite> <!-- Test -->
