<?xml version="1.0" encoding="UTF-8"?>
<testng-results ignored="4" total="7" passed="3" failed="0" skipped="0">
  <reporter-output>
  </reporter-output>
  <suite started-at="2022-11-10T22:57:13 IST" name="Suite" finished-at="2022-11-10T22:57:43 IST" duration-ms="30047">
    <groups>
    </groups>
    <test started-at="2022-11-10T22:57:13 IST" name="Test" finished-at="2022-11-10T22:57:43 IST" duration-ms="30047">
      <class name="tests.rest.TC001_CreateIncident">
        <test-method is-config="true" signature="beforeSuite()[pri:0, instance:tests.rest.TC001_CreateIncident@4e5ed836]" started-at="2022-11-10T22:57:12 IST" name="beforeSuite" finished-at="2022-11-10T22:57:13 IST" duration-ms="668" status="PASS">
          <reporter-output>
          </reporter-output>
        </test-method> <!-- beforeSuite -->
        <test-method is-config="true" signature="setValues()[pri:0, instance:tests.rest.TC001_CreateIncident@4e5ed836]" started-at="2022-11-10T22:57:13 IST" name="setValues" finished-at="2022-11-10T22:57:13 IST" duration-ms="0" status="PASS">
          <reporter-output>
          </reporter-output>
        </test-method> <!-- setValues -->
        <test-method is-config="true" signature="beforeClass()[pri:0, instance:tests.rest.TC001_CreateIncident@4e5ed836]" started-at="2022-11-10T22:57:13 IST" name="beforeClass" finished-at="2022-11-10T22:57:13 IST" duration-ms="1" status="PASS">
          <reporter-output>
          </reporter-output>
        </test-method> <!-- beforeClass -->
        <test-method is-config="true" signature="beforeMethod()[pri:0, instance:tests.rest.TC001_CreateIncident@4e5ed836]" started-at="2022-11-10T22:57:13 IST" name="beforeMethod" finished-at="2022-11-10T22:57:13 IST" duration-ms="7" status="PASS">
          <reporter-output>
          </reporter-output>
        </test-method> <!-- beforeMethod -->
        <test-method signature="createIncident(java.io.File)[pri:0, instance:tests.rest.TC001_CreateIncident@4e5ed836]" started-at="2022-11-10T22:57:13 IST" name="createIncident" data-provider="fetchData" finished-at="2022-11-10T22:57:28 IST" duration-ms="14322" status="PASS">
          <params>
            <param index="0">
              <value>
                <![CDATA[.\data\TC001.JSON]]>
              </value>
            </param>
          </params>
          <reporter-output>
          </reporter-output>
        </test-method> <!-- createIncident -->
        <test-method is-config="true" signature="afterMethod()[pri:0, instance:tests.rest.TC001_CreateIncident@4e5ed836]" started-at="2022-11-10T22:57:28 IST" name="afterMethod" finished-at="2022-11-10T22:57:28 IST" duration-ms="1" status="PASS">
          <reporter-output>
          </reporter-output>
        </test-method> <!-- afterMethod -->
        <test-method is-config="true" signature="afterSuite()[pri:0, instance:tests.rest.TC001_CreateIncident@4e5ed836]" started-at="2022-11-10T22:57:43 IST" name="afterSuite" finished-at="2022-11-10T22:57:44 IST" duration-ms="303" status="PASS">
          <reporter-output>
          </reporter-output>
        </test-method> <!-- afterSuite -->
      </class> <!-- tests.rest.TC001_CreateIncident -->
      <class name="tests.rest.TC011_PutIncident2">
        <test-method is-config="true" signature="setValues()[pri:0, instance:tests.rest.TC011_PutIncident2@5f8e8a9d]" started-at="2022-11-10T22:57:13 IST" name="setValues" finished-at="2022-11-10T22:57:13 IST" duration-ms="0" status="PASS">
          <reporter-output>
          </reporter-output>
        </test-method> <!-- setValues -->
        <test-method is-config="true" signature="beforeClass()[pri:0, instance:tests.rest.TC011_PutIncident2@5f8e8a9d]" started-at="2022-11-10T22:57:28 IST" name="beforeClass" finished-at="2022-11-10T22:57:28 IST" duration-ms="1" status="PASS">
          <reporter-output>
          </reporter-output>
        </test-method> <!-- beforeClass -->
        <test-method is-config="true" signature="beforeMethod()[pri:0, instance:tests.rest.TC011_PutIncident2@5f8e8a9d]" started-at="2022-11-10T22:57:28 IST" name="beforeMethod" finished-at="2022-11-10T22:57:28 IST" duration-ms="2" status="PASS">
          <reporter-output>
          </reporter-output>
        </test-method> <!-- beforeMethod -->
        <test-method signature="putIncident(java.io.File)[pri:0, instance:tests.rest.TC011_PutIncident2@5f8e8a9d]" started-at="2022-11-10T22:57:28 IST" name="putIncident" data-provider="fetchData" finished-at="2022-11-10T22:57:34 IST" depends-on-methods="tests.rest.TC001_CreateIncident.createIncident" duration-ms="6244" status="PASS">
          <params>
            <param index="0">
              <value>
                <![CDATA[.\data\TC2.JSON]]>
              </value>
            </param>
          </params>
          <reporter-output>
          </reporter-output>
        </test-method> <!-- putIncident -->
        <test-method is-config="true" signature="afterMethod()[pri:0, instance:tests.rest.TC011_PutIncident2@5f8e8a9d]" started-at="2022-11-10T22:57:34 IST" name="afterMethod" finished-at="2022-11-10T22:57:34 IST" duration-ms="0" status="PASS">
          <reporter-output>
          </reporter-output>
        </test-method> <!-- afterMethod -->
      </class> <!-- tests.rest.TC011_PutIncident2 -->
      <class name="tests.rest.TC011_delete3">
        <test-method is-config="true" signature="setValues()[pri:0, instance:tests.rest.TC011_delete3@5745ca0e]" started-at="2022-11-10T22:57:13 IST" name="setValues" finished-at="2022-11-10T22:57:13 IST" duration-ms="0" status="PASS">
          <reporter-output>
          </reporter-output>
        </test-method> <!-- setValues -->
        <test-method is-config="true" signature="beforeClass()[pri:0, instance:tests.rest.TC011_delete3@5745ca0e]" started-at="2022-11-10T22:57:34 IST" name="beforeClass" finished-at="2022-11-10T22:57:34 IST" duration-ms="1" status="PASS">
          <reporter-output>
          </reporter-output>
        </test-method> <!-- beforeClass -->
        <test-method is-config="true" signature="beforeMethod()[pri:0, instance:tests.rest.TC011_delete3@5745ca0e]" started-at="2022-11-10T22:57:34 IST" name="beforeMethod" finished-at="2022-11-10T22:57:34 IST" duration-ms="3" status="PASS">
          <reporter-output>
          </reporter-output>
        </test-method> <!-- beforeMethod -->
        <test-method signature="deleteIncident()[pri:0, instance:tests.rest.TC011_delete3@5745ca0e]" started-at="2022-11-10T22:57:34 IST" name="deleteIncident" finished-at="2022-11-10T22:57:43 IST" depends-on-methods="tests.rest.TC011_PutIncident2.putIncident" duration-ms="9404" status="PASS">
          <reporter-output>
          </reporter-output>
        </test-method> <!-- deleteIncident -->
        <test-method is-config="true" signature="afterMethod()[pri:0, instance:tests.rest.TC011_delete3@5745ca0e]" started-at="2022-11-10T22:57:43 IST" name="afterMethod" finished-at="2022-11-10T22:57:43 IST" duration-ms="0" status="PASS">
          <reporter-output>
          </reporter-output>
        </test-method> <!-- afterMethod -->
      </class> <!-- tests.rest.TC011_delete3 -->
    </test> <!-- Test -->
  </suite> <!-- Suite -->
</testng-results>
